<?xml version="1.0" encoding="UTF-8"?>
<testsuite xmlns:xsi="http://www.w3.org/2001/XMLSchema-instance" xsi:noNamespaceSchemaLocation="https://maven.apache.org/surefire/maven-surefire-plugin/xsd/surefire-test-report-3.0.xsd" version="3.0" name="com.etiya.common.CommonApplicationTests" time="2.651" tests="1" errors="0" skipped="0" failures="0">
  <properties>
[...]
</properties>
  <testcase name="contextLoads" classname="com.etiya.common.CommonApplicationTests" time="0.7">
    <system-out><![CDATA[10:30:10.437 [main] INFO org.springframework.test.context.support.AnnotationConfigContextLoaderUtils -- Could not detect default configuration classes for test class [com.etiya.common.CommonApplicationTests]: CommonApplicationTests does not declare any static, non-private, non-final, nested classes annotated with @Configuration.
10:30:10.563 [main] INFO org.springframework.boot.test.context.SpringBootTestContextBootstrapper -- Found @SpringBootConfiguration com.etiya.common.CommonApplication for test class com.etiya.common.CommonApplicationTests

  .   ____          _            __ _ _
 /\\ / ___'_ __ _ _(_)_ __  __ _ \ \ \ \
( ( )\___ | '_ | '_| | '_ \/ _` | \ \ \ \
 \\/  ___)| |_)| | | | | || (_| |  ) ) ) )
  '  |____| .__|_| |_|_| |_\__, | / / / /
 =========|_|==============|___/=/_/_/_/
 :: Spring Boot ::                (v3.2.5)

2024-08-15T10:30:10.976+03:00  INFO 19968 --- [           main] c.etiya.common.CommonApplicationTests    : Starting CommonApplicationTests using Java 19.0.1 with PID 19968 (started by Muhammed in D:\etiya-telcomicroservices\common)
2024-08-15T10:30:10.978+03:00  INFO 19968 --- [           main] c.etiya.common.CommonApplicationTests    : No active profile set, falling back to 1 default profile: "default"
2024-08-15T10:30:12.155+03:00  INFO 19968 --- [           main] c.etiya.common.CommonApplicationTests    : Started CommonApplicationTests in 1.428 seconds (process running for 2.446)
]]></system-out>
  </testcase>
</testsuite>